<?xml version="1.0" encoding="UTF-8"?>
<!-- Generated by org.testng.reporters.JUnitReportReporter -->
<testsuite hostname="DESKTOP-QVM6J4J" failures="0" tests="1" name="com.LoginTest.VerifyLoginTest" time="4.580" errors="0" timestamp="2024-11-09T09:38:24 IST" skipped="0">
  <testcase classname="com.LoginTest.VerifyLoginTest" name="TC_001" time="4.580"/>
  <system-out/>
</testsuite> <!-- com.LoginTest.VerifyLoginTest -->
